SunshineWatches/mobile/build/outputs/logs/manifest-merger-debug-report.txt
-- Merging decision tree log ---
manifest
ADDED from src\main\AndroidManifest.xml:2:1-171:12
	package
		ADDED from src\main\AndroidManifest.xml:2:11-60
		INJECTED from src\main\AndroidManifest.xml
		INJECTED from src\main\AndroidManifest.xml
	android:versionName
		INJECTED from src\main\AndroidManifest.xml
		INJECTED from src\main\AndroidManifest.xml
	xmlns:android
		ADDED from src\main\AndroidManifest.xml:3:11-69
	android:versionCode
		INJECTED from src\main\AndroidManifest.xml
		INJECTED from src\main\AndroidManifest.xml
uses-permission#android.permission.INTERNET
ADDED from src\main\AndroidManifest.xml:5:5-66
MERGED from [com.google.android.gms:play-services-gcm:9.2.1] AndroidManifest.xml:22:5-67
MERGED from [com.google.android.gms:play-services-iid:9.2.1] AndroidManifest.xml:22:5-67
	android:name
		ADDED from src\main\AndroidManifest.xml:5:22-64
uses-permission#android.permission.READ_SYNC_SETTINGS
ADDED from src\main\AndroidManifest.xml:6:5-76
	android:name
		ADDED from src\main\AndroidManifest.xml:6:22-74
uses-permission#android.permission.WRITE_SYNC_SETTINGS
ADDED from src\main\AndroidManifest.xml:7:5-77
	android:name
		ADDED from src\main\AndroidManifest.xml:7:22-75
uses-permission#android.permission.AUTHENTICATE_ACCOUNTS
ADDED from src\main\AndroidManifest.xml:8:5-79
	android:name
		ADDED from src\main\AndroidManifest.xml:8:22-77
uses-permission#android.permission.ACCESS_NETWORK_STATE
ADDED from src\main\AndroidManifest.xml:10:5-78
	android:name
		ADDED from src\main\AndroidManifest.xml:10:22-76
uses-permission#android.permission.WAKE_LOCK
ADDED from src\main\AndroidManifest.xml:12:5-67
	android:name
		ADDED from src\main\AndroidManifest.xml:12:22-65
uses-permission#com.google.android.c2dm.permission.RECEIVE
ADDED from src\main\AndroidManifest.xml:13:5-81
MERGED from [com.google.android.gms:play-services-gcm:9.2.1] AndroidManifest.xml:21:5-82
MERGED from [com.google.android.gms:play-services-iid:9.2.1] AndroidManifest.xml:21:5-82
	android:name
		ADDED from src\main\AndroidManifest.xml:13:22-79
permission#com.example.android.sunshine.app.permission.C2D_MESSAGE
ADDED from src\main\AndroidManifest.xml:15:5-17:46
	android:protectionLevel
		ADDED from src\main\AndroidManifest.xml:17:9-44
	android:name
		ADDED from src\main\AndroidManifest.xml:16:9-79
uses-permission#com.example.android.sunshine.app.permission.C2D_MESSAGE
ADDED from src\main\AndroidManifest.xml:18:5-94
	android:name
		ADDED from src\main\AndroidManifest.xml:18:22-92
application
ADDED from src\main\AndroidManifest.xml:20:5-169:19
MERGED from [com.android.support:appcompat-v7:24.1.0] AndroidManifest.xml:25:5-20
MERGED from [com.android.support:animated-vector-drawable:24.1.0] AndroidManifest.xml:22:5-20
MERGED from [com.android.support:support-vector-drawable:24.1.0] AndroidManifest.xml:23:5-20
MERGED from [com.android.support:support-v4:24.1.0] AndroidManifest.xml:25:5-20
MERGED from [com.android.support:support-v4:24.1.0] AndroidManifest.xml:25:5-20
MERGED from [com.android.support:support-vector-drawable:24.1.0] AndroidManifest.xml:23:5-20
MERGED from [com.android.support:support-v4:24.1.0] AndroidManifest.xml:25:5-20
MERGED from [com.android.support:gridlayout-v7:24.1.0] AndroidManifest.xml:22:5-20
MERGED from [com.android.support:support-v4:24.1.0] AndroidManifest.xml:25:5-20
MERGED from [com.android.support:cardview-v7:24.1.0] AndroidManifest.xml:22:5-20
MERGED from [com.android.support:design:24.1.0] AndroidManifest.xml:22:5-20
MERGED from [com.android.support:appcompat-v7:24.1.0] AndroidManifest.xml:25:5-20
MERGED from [com.android.support:animated-vector-drawable:24.1.0] AndroidManifest.xml:22:5-20
MERGED from [com.android.support:support-vector-drawable:24.1.0] AndroidManifest.xml:23:5-20
MERGED from [com.android.support:support-v4:24.1.0] AndroidManifest.xml:25:5-20
MERGED from [com.android.support:support-v4:24.1.0] AndroidManifest.xml:25:5-20
MERGED from [com.android.support:support-vector-drawable:24.1.0] AndroidManifest.xml:23:5-20
MERGED from [com.android.support:support-v4:24.1.0] AndroidManifest.xml:25:5-20
MERGED from [com.android.support:support-v4:24.1.0] AndroidManifest.xml:25:5-20
MERGED from [com.android.support:support-v4:24.1.0] AndroidManifest.xml:25:5-20
MERGED from [com.android.support:support-v4:24.1.0] AndroidManifest.xml:25:5-20
MERGED from [com.google.android.gms:play-services-gcm:9.2.1] AndroidManifest.xml:24:5-20
MERGED from [com.google.android.gms:play-services-base:9.2.1] AndroidManifest.xml:19:5-23:19
MERGED from [com.google.android.gms:play-services-basement:9.2.1] AndroidManifest.xml:20:5-24:19
MERGED from [com.android.support:support-v4:24.1.0] AndroidManifest.xml:25:5-20
MERGED from [com.google.android.gms:play-services-tasks:9.2.1] AndroidManifest.xml:5:5-20
MERGED from [com.google.android.gms:play-services-basement:9.2.1] AndroidManifest.xml:20:5-24:19
MERGED from [com.android.support:support-v4:24.1.0] AndroidManifest.xml:25:5-20
MERGED from [com.google.android.gms:play-services-basement:9.2.1] AndroidManifest.xml:20:5-24:19
MERGED from [com.android.support:support-v4:24.1.0] AndroidManifest.xml:25:5-20
MERGED from [com.google.android.gms:play-services-iid:9.2.1] AndroidManifest.xml:24:5-20
MERGED from [com.google.android.gms:play-services-base:9.2.1] AndroidManifest.xml:19:5-23:19
MERGED from [com.google.android.gms:play-services-basement:9.2.1] AndroidManifest.xml:20:5-24:19
MERGED from [com.android.support:support-v4:24.1.0] AndroidManifest.xml:25:5-20
MERGED from [com.google.android.gms:play-services-tasks:9.2.1] AndroidManifest.xml:5:5-20
MERGED from [com.google.android.gms:play-services-basement:9.2.1] AndroidManifest.xml:20:5-24:19
MERGED from [com.android.support:support-v4:24.1.0] AndroidManifest.xml:25:5-20
MERGED from [com.google.android.gms:play-services-basement:9.2.1] AndroidManifest.xml:20:5-24:19
MERGED from [com.android.support:support-v4:24.1.0] AndroidManifest.xml:25:5-20
MERGED from [com.google.android.gms:play-services-wearable:9.2.1] AndroidManifest.xml:19:5-20
MERGED from [com.google.android.gms:play-services-base:9.2.1] AndroidManifest.xml:19:5-23:19
MERGED from [com.google.android.gms:play-services-basement:9.2.1] AndroidManifest.xml:20:5-24:19
MERGED from [com.android.support:support-v4:24.1.0] AndroidManifest.xml:25:5-20
MERGED from [com.google.android.gms:play-services-tasks:9.2.1] AndroidManifest.xml:5:5-20
MERGED from [com.google.android.gms:play-services-basement:9.2.1] AndroidManifest.xml:20:5-24:19
MERGED from [com.android.support:support-v4:24.1.0] AndroidManifest.xml:25:5-20
MERGED from [com.google.android.gms:play-services-basement:9.2.1] AndroidManifest.xml:20:5-24:19
MERGED from [com.android.support:support-v4:24.1.0] AndroidManifest.xml:25:5-20
	android:label
		ADDED from src\main\AndroidManifest.xml:23:9-41
	android:supportsRtl
		ADDED from src\main\AndroidManifest.xml:24:9-35
	android:allowBackup
		ADDED from src\main\AndroidManifest.xml:21:9-35
	android:icon
		ADDED from src\main\AndroidManifest.xml:22:9-43
	android:theme
		ADDED from src\main\AndroidManifest.xml:25:9-40
activity#ru.arturvasilov.udacity.sunshinewatches.MainActivity
ADDED from src\main\AndroidManifest.xml:27:9-36:20
	android:label
		ADDED from src\main\AndroidManifest.xml:29:13-45
	android:theme
		ADDED from src\main\AndroidManifest.xml:30:13-49
	android:name
		ADDED from src\main\AndroidManifest.xml:28:13-41
intent-filter#android.intent.action.MAIN+android.intent.category.LAUNCHER
ADDED from src\main\AndroidManifest.xml:31:13-35:29
action#android.intent.action.MAIN
ADDED from src\main\AndroidManifest.xml:32:17-69
	android:name
		ADDED from src\main\AndroidManifest.xml:32:25-66
category#android.intent.category.LAUNCHER
ADDED from src\main\AndroidManifest.xml:34:17-77
	android:name
		ADDED from src\main\AndroidManifest.xml:34:27-74
activity#ru.arturvasilov.udacity.sunshinewatches.DetailActivity
ADDED from src\main\AndroidManifest.xml:38:9-46:20
	android:label
		ADDED from src\main\AndroidManifest.xml:40:13-58
	android:parentActivityName
		ADDED from src\main\AndroidManifest.xml:41:13-55
	android:theme
		ADDED from src\main\AndroidManifest.xml:42:13-52
	android:name
		ADDED from src\main\AndroidManifest.xml:39:13-43
meta-data#android.support.PARENT_ACTIVITY
ADDED from src\main\AndroidManifest.xml:43:13-45:87
	android:value
		ADDED from src\main\AndroidManifest.xml:45:17-85
	android:name
		ADDED from src\main\AndroidManifest.xml:44:17-63
activity#ru.arturvasilov.udacity.sunshinewatches.SettingsActivity
ADDED from src\main\AndroidManifest.xml:48:9-56:20
	android:label
		ADDED from src\main\AndroidManifest.xml:50:13-60
	android:parentActivityName
		ADDED from src\main\AndroidManifest.xml:51:13-55
	android:theme
		ADDED from src\main\AndroidManifest.xml:52:13-49
	android:name
		ADDED from src\main\AndroidManifest.xml:49:13-45
provider#ru.arturvasilov.udacity.sunshinewatches.data.WeatherProvider
ADDED from src\main\AndroidManifest.xml:58:9-62:38
	android:authorities
		ADDED from src\main\AndroidManifest.xml:60:13-60
	android:syncable
		ADDED from src\main\AndroidManifest.xml:62:13-36
	android:exported
		ADDED from src\main\AndroidManifest.xml:61:13-37
	android:name
		ADDED from src\main\AndroidManifest.xml:59:13-49
service#ru.arturvasilov.udacity.sunshinewatches.sync.SunshineAuthenticatorService
ADDED from src\main\AndroidManifest.xml:65:9-72:19
	android:name
		ADDED from src\main\AndroidManifest.xml:65:18-67
intent-filter#android.accounts.AccountAuthenticator
ADDED from src\main\AndroidManifest.xml:66:13-68:29
action#android.accounts.AccountAuthenticator
ADDED from src\main\AndroidManifest.xml:67:17-79
	android:name
		ADDED from src\main\AndroidManifest.xml:67:25-77
meta-data#android.accounts.AccountAuthenticator
ADDED from src\main\AndroidManifest.xml:69:13-71:56
	android:resource
		ADDED from src\main\AndroidManifest.xml:71:17-54
	android:name
		ADDED from src\main\AndroidManifest.xml:70:17-69
service#ru.arturvasilov.udacity.sunshinewatches.sync.SunshineSyncService
ADDED from src\main\AndroidManifest.xml:75:9-84:19
	android:exported
		ADDED from src\main\AndroidManifest.xml:77:13-36
	android:name
		ADDED from src\main\AndroidManifest.xml:76:13-53
intent-filter#android.content.SyncAdapter
ADDED from src\main\AndroidManifest.xml:78:13-80:29
action#android.content.SyncAdapter
ADDED from src\main\AndroidManifest.xml:79:17-69
	android:name
		ADDED from src\main\AndroidManifest.xml:79:25-67
meta-data#android.content.SyncAdapter
ADDED from src\main\AndroidManifest.xml:81:13-83:54
	android:resource
		ADDED from src\main\AndroidManifest.xml:83:17-52
	android:name
		ADDED from src\main\AndroidManifest.xml:82:17-59
receiver#com.google.android.gms.gcm.GcmReceiver
ADDED from src\main\AndroidManifest.xml:87:9-97:20
	android:exported
		ADDED from src\main\AndroidManifest.xml:89:13-36
	android:permission
		ADDED from src\main\AndroidManifest.xml:90:13-73
	android:name
		ADDED from src\main\AndroidManifest.xml:88:13-66
intent-filter#com.google.android.c2dm.intent.RECEIVE+com.google.android.c2dm.intent.REGISTRATION+ru.arturvasilov.udacity.sunshinewatches
ADDED from src\main\AndroidManifest.xml:91:13-96:29
action#com.google.android.c2dm.intent.RECEIVE
ADDED from src\main\AndroidManifest.xml:92:17-80
	android:name
		ADDED from src\main\AndroidManifest.xml:92:25-78
action#com.google.android.c2dm.intent.REGISTRATION
ADDED from src\main\AndroidManifest.xml:93:17-85
	android:name
		ADDED from src\main\AndroidManifest.xml:93:25-83
category#ru.arturvasilov.udacity.sunshinewatches
ADDED from src\main\AndroidManifest.xml:95:17-83
	android:name
		ADDED from src\main\AndroidManifest.xml:95:27-81
service#ru.arturvasilov.udacity.sunshinewatches.muzei.WeatherMuzeiSource
ADDED from src\main\AndroidManifest.xml:100:9-111:19
	android:label
		ADDED from src\main\AndroidManifest.xml:104:13-45
	android:icon
		ADDED from src\main\AndroidManifest.xml:103:13-46
	android:description
		ADDED from src\main\AndroidManifest.xml:102:13-60
	android:name
		ADDED from src\main\AndroidManifest.xml:101:13-53
intent-filter#com.google.android.apps.muzei.api.MuzeiArtSource
ADDED from src\main\AndroidManifest.xml:105:13-107:29
action#com.google.android.apps.muzei.api.MuzeiArtSource
ADDED from src\main\AndroidManifest.xml:106:17-90
	android:name
		ADDED from src\main\AndroidManifest.xml:106:25-88
meta-data#color
ADDED from src\main\AndroidManifest.xml:108:13-110:49
	android:value
		ADDED from src\main\AndroidManifest.xml:110:17-47
	android:name
		ADDED from src\main\AndroidManifest.xml:109:17-37
receiver#ru.arturvasilov.udacity.sunshinewatches.widget.TodayWidgetProvider
ADDED from src\main\AndroidManifest.xml:114:9-124:20
	android:label
		ADDED from src\main\AndroidManifest.xml:116:13-55
	android:name
		ADDED from src\main\AndroidManifest.xml:115:13-55
intent-filter#android.appwidget.action.APPWIDGET_UPDATE+ru.arturvasilov.udacity.sunshinewatches.ACTION_DATA_UPDATED
ADDED from src\main\AndroidManifest.xml:117:13-120:29
action#android.appwidget.action.APPWIDGET_UPDATE
ADDED from src\main\AndroidManifest.xml:118:17-83
	android:name
		ADDED from src\main\AndroidManifest.xml:118:25-81
action#ru.arturvasilov.udacity.sunshinewatches.ACTION_DATA_UPDATED
ADDED from src\main\AndroidManifest.xml:119:17-101
	android:name
		ADDED from src\main\AndroidManifest.xml:119:25-99
meta-data#android.appwidget.provider
ADDED from src\main\AndroidManifest.xml:121:13-123:60
	android:resource
		ADDED from src\main\AndroidManifest.xml:123:17-58
	android:name
		ADDED from src\main\AndroidManifest.xml:122:17-58
service#ru.arturvasilov.udacity.sunshinewatches.widget.TodayWidgetIntentService
ADDED from src\main\AndroidManifest.xml:126:9-67
	android:name
		ADDED from src\main\AndroidManifest.xml:126:18-65
receiver#ru.arturvasilov.udacity.sunshinewatches.widget.DetailWidgetProvider
ADDED from src\main\AndroidManifest.xml:129:9-140:20
	android:enabled
		ADDED from src\main\AndroidManifest.xml:131:13-58
	android:label
		ADDED from src\main\AndroidManifest.xml:132:13-56
	android:name
		ADDED from src\main\AndroidManifest.xml:130:13-56
service#ru.arturvasilov.udacity.sunshinewatches.widget.DetailWidgetRemoteViewsService
ADDED from src\main\AndroidManifest.xml:142:9-146:71
	android:enabled
		ADDED from src\main\AndroidManifest.xml:144:13-58
	android:exported
		ADDED from src\main\AndroidManifest.xml:145:13-37
	android:permission
		ADDED from src\main\AndroidManifest.xml:146:13-69
	android:name
		ADDED from src\main\AndroidManifest.xml:143:13-66
service#gcm.MyGcmListenerService
ADDED from src\main\AndroidManifest.xml:148:9-154:19
	android:exported
		ADDED from src\main\AndroidManifest.xml:150:13-37
	android:name
		ADDED from src\main\AndroidManifest.xml:149:13-52
intent-filter#com.google.android.c2dm.intent.RECEIVE
ADDED from src\main\AndroidManifest.xml:151:13-153:29
service#gcm.MyInstanceIDListenerService
ADDED from src\main\AndroidManifest.xml:156:9-162:19
	android:exported
		ADDED from src\main\AndroidManifest.xml:158:13-37
	android:name
		ADDED from src\main\AndroidManifest.xml:157:13-59
intent-filter#com.google.android.gms.iid.InstanceID
ADDED from src\main\AndroidManifest.xml:159:13-161:29
action#com.google.android.gms.iid.InstanceID
ADDED from src\main\AndroidManifest.xml:160:17-79
	android:name
		ADDED from src\main\AndroidManifest.xml:160:25-77
service#ru.arturvasilov.udacity.sunshinewatches.gcm.RegistrationIntentService
ADDED from src\main\AndroidManifest.xml:164:9-167:19
	android:exported
		ADDED from src\main\AndroidManifest.xml:166:13-37
	android:name
		ADDED from src\main\AndroidManifest.xml:165:13-58
uses-sdk
INJECTED from src\main\AndroidManifest.xml reason: use-sdk injection requested
MERGED from [com.android.support:appcompat-v7:24.1.0] AndroidManifest.xml:21:5-23:78
MERGED from [com.android.support:animated-vector-drawable:24.1.0] AndroidManifest.xml:20:5-44
MERGED from [com.android.support:support-vector-drawable:24.1.0] AndroidManifest.xml:21:5-43
MERGED from [com.android.support:support-v4:24.1.0] AndroidManifest.xml:21:5-23:54
MERGED from [com.android.support:support-v4:24.1.0] AndroidManifest.xml:21:5-23:54
MERGED from [com.android.support:support-vector-drawable:24.1.0] AndroidManifest.xml:21:5-43
MERGED from [com.android.support:support-v4:24.1.0] AndroidManifest.xml:21:5-23:54
MERGED from [com.android.support:gridlayout-v7:24.1.0] AndroidManifest.xml:20:5-43
MERGED from [com.android.support:support-v4:24.1.0] AndroidManifest.xml:21:5-23:54
MERGED from [com.android.support:cardview-v7:24.1.0] AndroidManifest.xml:20:5-43
MERGED from [com.android.support:design:24.1.0] AndroidManifest.xml:20:5-43
MERGED from [com.android.support:appcompat-v7:24.1.0] AndroidManifest.xml:21:5-23:78
MERGED from [com.android.support:animated-vector-drawable:24.1.0] AndroidManifest.xml:20:5-44
MERGED from [com.android.support:support-vector-drawable:24.1.0] AndroidManifest.xml:21:5-43
MERGED from [com.android.support:support-v4:24.1.0] AndroidManifest.xml:21:5-23:54
MERGED from [com.android.support:support-v4:24.1.0] AndroidManifest.xml:21:5-23:54
MERGED from [com.android.support:support-vector-drawable:24.1.0] AndroidManifest.xml:21:5-43
MERGED from [com.android.support:support-v4:24.1.0] AndroidManifest.xml:21:5-23:54
MERGED from [com.android.support:support-v4:24.1.0] AndroidManifest.xml:21:5-23:54
MERGED from [com.android.support:recyclerview-v7:24.1.0] AndroidManifest.xml:20:5-43
MERGED from [com.android.support:support-v4:24.1.0] AndroidManifest.xml:21:5-23:54
MERGED from [com.android.support:recyclerview-v7:24.1.0] AndroidManifest.xml:20:5-43
MERGED from [com.android.support:support-v4:24.1.0] AndroidManifest.xml:21:5-23:54
MERGED from [com.google.android.gms:play-services-gcm:9.2.1] AndroidManifest.xml:18:5-42
MERGED from [com.google.android.gms:play-services-base:9.2.1] AndroidManifest.xml:18:5-42
MERGED from [com.google.android.gms:play-services-basement:9.2.1] AndroidManifest.xml:18:5-42
MERGED from [com.android.support:support-v4:24.1.0] AndroidManifest.xml:21:5-23:54
MERGED from [com.google.android.gms:play-services-tasks:9.2.1] AndroidManifest.xml:4:5-43
MERGED from [com.google.android.gms:play-services-basement:9.2.1] AndroidManifest.xml:18:5-42
MERGED from [com.android.support:support-v4:24.1.0] AndroidManifest.xml:21:5-23:54
MERGED from [com.google.android.gms:play-services-basement:9.2.1] AndroidManifest.xml:18:5-42
MERGED from [com.android.support:support-v4:24.1.0] AndroidManifest.xml:21:5-23:54
MERGED from [com.google.android.gms:play-services-iid:9.2.1] AndroidManifest.xml:18:5-42
MERGED from [com.google.android.gms:play-services-base:9.2.1] AndroidManifest.xml:18:5-42
MERGED from [com.google.android.gms:play-services-basement:9.2.1] AndroidManifest.xml:18:5-42
MERGED from [com.android.support:support-v4:24.1.0] AndroidManifest.xml:21:5-23:54
MERGED from [com.google.android.gms:play-services-tasks:9.2.1] AndroidManifest.xml:4:5-43
MERGED from [com.google.android.gms:play-services-basement:9.2.1] AndroidManifest.xml:18:5-42
MERGED from [com.android.support:support-v4:24.1.0] AndroidManifest.xml:21:5-23:54
MERGED from [com.google.android.gms:play-services-basement:9.2.1] AndroidManifest.xml:18:5-42
MERGED from [com.android.support:support-v4:24.1.0] AndroidManifest.xml:21:5-23:54
MERGED from [com.google.android.gms:play-services-wearable:9.2.1] AndroidManifest.xml:18:5-42
MERGED from [com.google.android.gms:play-services-base:9.2.1] AndroidManifest.xml:18:5-42
MERGED from [com.google.android.gms:play-services-basement:9.2.1] AndroidManifest.xml:18:5-42
MERGED from [com.android.support:support-v4:24.1.0] AndroidManifest.xml:21:5-23:54
MERGED from [com.google.android.gms:play-services-tasks:9.2.1] AndroidManifest.xml:4:5-43
MERGED from [com.google.android.gms:play-services-basement:9.2.1] AndroidManifest.xml:18:5-42
MERGED from [com.android.support:support-v4:24.1.0] AndroidManifest.xml:21:5-23:54
MERGED from [com.google.android.gms:play-services-basement:9.2.1] AndroidManifest.xml:18:5-42
MERGED from [com.android.support:support-v4:24.1.0] AndroidManifest.xml:21:5-23:54
	tools:overrideLibrary
		ADDED from [com.android.support:appcompat-v7:24.1.0] AndroidManifest.xml:23:9-75
	android:targetSdkVersion
		INJECTED from src\main\AndroidManifest.xml
		INJECTED from src\main\AndroidManifest.xml
	android:minSdkVersion
		INJECTED from src\main\AndroidManifest.xml
		INJECTED from src\main\AndroidManifest.xml
activity#com.google.android.gms.common.api.GoogleApiActivity
ADDED from [com.google.android.gms:play-services-base:9.2.1] AndroidManifest.xml:20:9-22:45
MERGED from [com.google.android.gms:play-services-base:9.2.1] AndroidManifest.xml:20:9-22:45
MERGED from [com.google.android.gms:play-services-base:9.2.1] AndroidManifest.xml:20:9-22:45
	android:exported
		ADDED from [com.google.android.gms:play-services-base:9.2.1] AndroidManifest.xml:22:19-43
	android:theme
		ADDED from [com.google.android.gms:play-services-base:9.2.1] AndroidManifest.xml:21:19-78
	android:name
		ADDED from [com.google.android.gms:play-services-base:9.2.1] AndroidManifest.xml:20:19-85
meta-data#com.google.android.gms.version
ADDED from [com.google.android.gms:play-services-basement:9.2.1] AndroidManifest.xml:21:9-23:69
MERGED from [com.google.android.gms:play-services-basement:9.2.1] AndroidManifest.xml:21:9-23:69
MERGED from [com.google.android.gms:play-services-basement:9.2.1] AndroidManifest.xml:21:9-23:69
MERGED from [com.google.android.gms:play-services-basement:9.2.1] AndroidManifest.xml:21:9-23:69
MERGED from [com.google.android.gms:play-services-basement:9.2.1] AndroidManifest.xml:21:9-23:69
MERGED from [com.google.android.gms:play-services-basement:9.2.1] AndroidManifest.xml:21:9-23:69
MERGED from [com.google.android.gms:play-services-basement:9.2.1] AndroidManifest.xml:21:9-23:69
MERGED from [com.google.android.gms:play-services-basement:9.2.1] AndroidManifest.xml:21:9-23:69
MERGED from [com.google.android.gms:play-services-basement:9.2.1] AndroidManifest.xml:21:9-23:69
	android:value
		ADDED from [com.google.android.gms:play-services-basement:9.2.1] AndroidManifest.xml:23:13-66
	android:name
		ADDED from [com.google.android.gms:play-services-basement:9.2.1] AndroidManifest.xml:22:13-58